Flow report for LED_Project
Mon Jul 01 05:09:17 2019
Quartus Prime Version 18.1.0 Build 625 09/12/2018 SJ Lite Edition


---------------------
; Table of Contents ;
---------------------
  1. Legal Notice
  2. Flow Summary
  3. Flow Settings
  4. Flow Non-Default Global Settings
  5. Flow Elapsed Time
  6. Flow OS Summary
  7. Flow Log
  8. Flow Messages
  9. Flow Suppressed Messages



----------------
; Legal Notice ;
----------------
Copyright (C) 2018  Intel Corporation. All rights reserved.
Your use of Intel Corporation's design tools, logic functions 
and other software and tools, and its AMPP partner logic 
functions, and any output files from any of the foregoing 
(including device programming or simulation files), and any 
associated documentation or information are expressly subject 
to the terms and conditions of the Intel Program License 
Subscription Agreement, the Intel Quartus Prime License Agreement,
the Intel FPGA IP License Agreement, or other applicable license
agreement, including, without limitation, that your use is for
the sole purpose of programming logic devices manufactured by
Intel and sold by Intel or its authorized distributors.  Please
refer to the applicable agreement for further details.



+----------------------------------------------------------------------------------+
; Flow Summary                                                                     ;
+------------------------------------+---------------------------------------------+
; Flow Status                        ; Successful - Mon Jul 01 05:09:17 2019       ;
; Quartus Prime Version              ; 18.1.0 Build 625 09/12/2018 SJ Lite Edition ;
; Revision Name                      ; LED_Project                                 ;
; Top-level Entity Name              ; LED_Project                                 ;
; Family                             ; Cyclone IV E                                ;
; Device                             ; EP4CE6E22C8                                 ;
; Timing Models                      ; Final                                       ;
; Total logic elements               ; 112 / 6,272 ( 2 % )                         ;
;     Total combinational functions  ; 111 / 6,272 ( 2 % )                         ;
;     Dedicated logic registers      ; 65 / 6,272 ( 1 % )                          ;
; Total registers                    ; 65                                          ;
; Total pins                         ; 11 / 92 ( 12 % )                            ;
; Total virtual pins                 ; 0                                           ;
; Total memory bits                  ; 0 / 276,480 ( 0 % )                         ;
; Embedded Multiplier 9-bit elements ; 0 / 30 ( 0 % )                              ;
; Total PLLs                         ; 0 / 2 ( 0 % )                               ;
+------------------------------------+---------------------------------------------+


+-----------------------------------------+
; Flow Settings                           ;
+-------------------+---------------------+
; Option            ; Setting             ;
+-------------------+---------------------+
; Start date & time ; 07/01/2019 05:08:16 ;
; Main task         ; Compilation         ;
; Revision Name     ; LED_Project         ;
+-------------------+---------------------+


+-----------------------------------------------------------------------------------------------------------------------------------+
; Flow Non-Default Global Settings                                                                                                  ;
+--------------------------------------+----------------------------------------+---------------+-------------+---------------------+
; Assignment Name                      ; Value                                  ; Default Value ; Entity Name ; Section Id          ;
+--------------------------------------+----------------------------------------+---------------+-------------+---------------------+
; COMPILER_SIGNATURE_ID                ; 141812761756249.156192889611160        ; --            ; --          ; --                  ;
; EDA_DESIGN_INSTANCE_NAME             ; NA                                     ; --            ; --          ; LED_Project_vlg_tst ;
; EDA_NATIVELINK_SIMULATION_TEST_BENCH ; LED_Project_vlg_tst                    ; --            ; --          ; eda_simulation      ;
; EDA_OUTPUT_DATA_FORMAT               ; Verilog Hdl                            ; --            ; --          ; eda_simulation      ;
; EDA_SIMULATION_TOOL                  ; ModelSim-Altera (Verilog)              ; <None>        ; --          ; --                  ;
; EDA_TEST_BENCH_ENABLE_STATUS         ; TEST_BENCH_MODE                        ; --            ; --          ; eda_simulation      ;
; EDA_TEST_BENCH_FILE                  ; simulation/modelsim/LED_Project.vt     ; --            ; --          ; LED_Project_vlg_tst ;
; EDA_TEST_BENCH_MODULE_NAME           ; LED_Project_vlg_tst                    ; --            ; --          ; LED_Project_vlg_tst ;
; EDA_TEST_BENCH_NAME                  ; LED_Project_vlg_tst                    ; --            ; --          ; eda_simulation      ;
; EDA_TEST_BENCH_RUN_SIM_FOR           ; 1 us                                   ; --            ; --          ; LED_Project_vlg_tst ;
; EDA_TIME_SCALE                       ; 1 ps                                   ; --            ; --          ; eda_simulation      ;
; MAX_CORE_JUNCTION_TEMP               ; 85                                     ; --            ; --          ; --                  ;
; MIN_CORE_JUNCTION_TEMP               ; 0                                      ; --            ; --          ; --                  ;
; PARTITION_COLOR                      ; -- (Not supported for targeted family) ; --            ; --          ; Top                 ;
; PARTITION_FITTER_PRESERVATION_LEVEL  ; -- (Not supported for targeted family) ; --            ; --          ; Top                 ;
; PARTITION_NETLIST_TYPE               ; -- (Not supported for targeted family) ; --            ; --          ; Top                 ;
; POWER_BOARD_THERMAL_MODEL            ; None (CONSERVATIVE)                    ; --            ; --          ; --                  ;
; POWER_PRESET_COOLING_SOLUTION        ; 23 MM HEAT SINK WITH 200 LFPM AIRFLOW  ; --            ; --          ; --                  ;
; PROJECT_OUTPUT_DIRECTORY             ; output_files                           ; --            ; --          ; --                  ;
+--------------------------------------+----------------------------------------+---------------+-------------+---------------------+


+--------------------------------------------------------------------------------------------------------------------------+
; Flow Elapsed Time                                                                                                        ;
+----------------------+--------------+-------------------------+---------------------+------------------------------------+
; Module Name          ; Elapsed Time ; Average Processors Used ; Peak Virtual Memory ; Total CPU Time (on all processors) ;
+----------------------+--------------+-------------------------+---------------------+------------------------------------+
; Analysis & Synthesis ; 00:00:27     ; 1.0                     ; 4783 MB             ; 00:00:51                           ;
; Fitter               ; 00:00:14     ; 1.0                     ; 5498 MB             ; 00:00:09                           ;
; Assembler            ; 00:00:02     ; 1.0                     ; 4690 MB             ; 00:00:02                           ;
; Timing Analyzer      ; 00:00:05     ; 1.0                     ; 4765 MB             ; 00:00:03                           ;
; EDA Netlist Writer   ; 00:00:02     ; 1.0                     ; 4658 MB             ; 00:00:02                           ;
; Total                ; 00:00:50     ; --                      ; --                  ; 00:01:07                           ;
+----------------------+--------------+-------------------------+---------------------+------------------------------------+


+------------------------------------------------------------------------------------+
; Flow OS Summary                                                                    ;
+----------------------+------------------+------------+------------+----------------+
; Module Name          ; Machine Hostname ; OS Name    ; OS Version ; Processor type ;
+----------------------+------------------+------------+------------+----------------+
; Analysis & Synthesis ; AX83L6HRFJ9JY53  ; Windows 10 ; 10.0       ; x86_64         ;
; Fitter               ; AX83L6HRFJ9JY53  ; Windows 10 ; 10.0       ; x86_64         ;
; Assembler            ; AX83L6HRFJ9JY53  ; Windows 10 ; 10.0       ; x86_64         ;
; Timing Analyzer      ; AX83L6HRFJ9JY53  ; Windows 10 ; 10.0       ; x86_64         ;
; EDA Netlist Writer   ; AX83L6HRFJ9JY53  ; Windows 10 ; 10.0       ; x86_64         ;
+----------------------+------------------+------------+------------+----------------+


------------
; Flow Log ;
------------
quartus_map --read_settings_files=on --write_settings_files=off LED_Project -c LED_Project
quartus_fit --read_settings_files=off --write_settings_files=off LED_Project -c LED_Project
quartus_asm --read_settings_files=off --write_settings_files=off LED_Project -c LED_Project
quartus_sta LED_Project -c LED_Project
quartus_eda --read_settings_files=off --write_settings_files=off LED_Project -c LED_Project



